{"/Users/dwayne/personal/daebakcore/src/App.tsx": {"path":"/Users/dwayne/personal/daebakcore/src/App.tsx","statementMap":{"0":{"start":{"line":2,"column":0},"end":{"line":2,"column":73}},"1":{"start":{"line":3,"column":0},"end":{"line":3,"column":45}},"2":{"start":{"line":4,"column":0},"end":{"line":4,"column":53}},"3":{"start":{"line":5,"column":0},"end":{"line":5,"column":51}},"4":{"start":{"line":6,"column":0},"end":{"line":6,"column":59}},"5":{"start":{"line":7,"column":0},"end":{"line":7,"column":65}},"6":{"start":{"line":8,"column":0},"end":{"line":8,"column":47}},"7":{"start":{"line":10,"column":31},"end":{"line":13,"column":1}},"8":{"start":{"line":11,"column":30},"end":{"line":11,"column":39}},"9":{"start":{"line":12,"column":2},"end":{"line":12,"column":null}},"10":{"start":{"line":15,"column":22},"end":{"line":35,"column":1}},"11":{"start":{"line":16,"column":2},"end":{"line":34,"column":null}},"12":{"start":{"line":37,"column":0},"end":{"line":37,"column":null}}},"fnMap":{"0":{"name":"(anonymous_0)","decl":{"start":{"line":10,"column":31},"end":{"line":10,"column":34}},"loc":{"start":{"line":10,"column":36},"end":{"line":13,"column":1}}},"1":{"name":"(anonymous_1)","decl":{"start":{"line":15,"column":22},"end":{"line":15,"column":25}},"loc":{"start":{"line":15,"column":27},"end":{"line":35,"column":1}}}},"branchMap":{"0":{"loc":{"start":{"line":12,"column":23},"end":{"line":12,"column":64}},"type":"cond-expr","locations":[{"start":{"line":12,"column":41},"end":{"line":12,"column":53}},{"start":{"line":12,"column":56},"end":{"line":12,"column":64}}]}},"s":{"0":1,"1":1,"2":1,"3":1,"4":1,"5":1,"6":1,"7":1,"8":7,"9":0,"10":1,"11":7,"12":1},"f":{"0":7,"1":7},"b":{"0":[0,0]}}
,"/Users/dwayne/personal/daebakcore/src/components/Auth/LoginForm.tsx": {"path":"/Users/dwayne/personal/daebakcore/src/components/Auth/LoginForm.tsx","statementMap":{"0":{"start":{"line":5,"column":0},"end":{"line":5,"column":39}},"1":{"start":{"line":6,"column":0},"end":{"line":6,"column":46}},"2":{"start":{"line":7,"column":0},"end":{"line":7,"column":51}},"3":{"start":{"line":8,"column":0},"end":{"line":8,"column":58}},"4":{"start":{"line":9,"column":0},"end":{"line":9,"column":60}},"5":{"start":{"line":11,"column":35},"end":{"line":127,"column":1}},"6":{"start":{"line":12,"column":19},"end":{"line":12,"column":32}},"7":{"start":{"line":13,"column":20},"end":{"line":13,"column":29}},"8":{"start":{"line":15,"column":28},"end":{"line":15,"column":40}},"9":{"start":{"line":16,"column":34},"end":{"line":16,"column":46}},"10":{"start":{"line":17,"column":38},"end":{"line":17,"column":53}},"11":{"start":{"line":18,"column":30},"end":{"line":18,"column":66}},"12":{"start":{"line":19,"column":40},"end":{"line":19,"column":52}},"13":{"start":{"line":20,"column":36},"end":{"line":20,"column":51}},"14":{"start":{"line":22,"column":21},"end":{"line":28,"column":3}},"15":{"start":{"line":23,"column":29},"end":{"line":23,"column":122}},"16":{"start":{"line":24,"column":4},"end":{"line":27,"column":null}},"17":{"start":{"line":24,"column":22},"end":{"line":26,"column":null}},"18":{"start":{"line":30,"column":23},"end":{"line":54,"column":null}},"19":{"start":{"line":30,"column":52},"end":{"line":54,"column":null}},"20":{"start":{"line":31,"column":4},"end":{"line":31,"column":null}},"21":{"start":{"line":32,"column":4},"end":{"line":32,"column":null}},"22":{"start":{"line":34,"column":29},"end":{"line":34,"column":63}},"23":{"start":{"line":35,"column":4},"end":{"line":38,"column":5}},"24":{"start":{"line":36,"column":6},"end":{"line":36,"column":null}},"25":{"start":{"line":37,"column":6},"end":{"line":37,"column":12}},"26":{"start":{"line":40,"column":4},"end":{"line":40,"column":null}},"27":{"start":{"line":41,"column":4},"end":{"line":53,"column":5}},"28":{"start":{"line":42,"column":22},"end":{"line":42,"column":62}},"29":{"start":{"line":43,"column":6},"end":{"line":50,"column":7}},"30":{"start":{"line":44,"column":8},"end":{"line":46,"column":null}},"31":{"start":{"line":45,"column":10},"end":{"line":45,"column":null}},"32":{"start":{"line":48,"column":8},"end":{"line":48,"column":null}},"33":{"start":{"line":49,"column":8},"end":{"line":49,"column":null}},"34":{"start":{"line":52,"column":6},"end":{"line":52,"column":null}},"35":{"start":{"line":56,"column":25},"end":{"line":60,"column":3}},"36":{"start":{"line":57,"column":4},"end":{"line":59,"column":5}},"37":{"start":{"line":58,"column":6},"end":{"line":58,"column":null}},"38":{"start":{"line":62,"column":22},"end":{"line":62,"column":104}},"39":{"start":{"line":64,"column":2},"end":{"line":126,"column":null}},"40":{"start":{"line":81,"column":25},"end":{"line":81,"column":49}},"41":{"start":{"line":82,"column":24},"end":{"line":82,"column":50}},"42":{"start":{"line":97,"column":25},"end":{"line":97,"column":52}},"43":{"start":{"line":98,"column":24},"end":{"line":98,"column":56}},"44":{"start":{"line":110,"column":25},"end":{"line":110,"column":56}},"45":{"start":{"line":11,"column":13},"end":{"line":11,"column":35}}},"fnMap":{"0":{"name":"(anonymous_7)","decl":{"start":{"line":11,"column":35},"end":{"line":11,"column":38}},"loc":{"start":{"line":11,"column":40},"end":{"line":127,"column":1}}},"1":{"name":"(anonymous_8)","decl":{"start":{"line":22,"column":21},"end":{"line":22,"column":22}},"loc":{"start":{"line":22,"column":54},"end":{"line":28,"column":3}}},"2":{"name":"(anonymous_9)","decl":{"start":{"line":24,"column":14},"end":{"line":24,"column":18}},"loc":{"start":{"line":24,"column":22},"end":{"line":26,"column":null}}},"3":{"name":"(anonymous_10)","decl":{"start":{"line":30,"column":23},"end":{"line":30,"column":30}},"loc":{"start":{"line":30,"column":52},"end":{"line":54,"column":null}}},"4":{"name":"(anonymous_11)","decl":{"start":{"line":30,"column":52},"end":{"line":30,"column":null}},"loc":{"start":{"line":30,"column":52},"end":{"line":54,"column":3}}},"5":{"name":"(anonymous_12)","decl":{"start":{"line":44,"column":19},"end":{"line":44,"column":22}},"loc":{"start":{"line":44,"column":24},"end":{"line":46,"column":9}}},"6":{"name":"(anonymous_13)","decl":{"start":{"line":56,"column":25},"end":{"line":56,"column":26}},"loc":{"start":{"line":56,"column":52},"end":{"line":60,"column":3}}},"7":{"name":"(anonymous_14)","decl":{"start":{"line":81,"column":20},"end":{"line":81,"column":21}},"loc":{"start":{"line":81,"column":25},"end":{"line":81,"column":49}}},"8":{"name":"(anonymous_15)","decl":{"start":{"line":82,"column":18},"end":{"line":82,"column":21}},"loc":{"start":{"line":82,"column":24},"end":{"line":82,"column":50}}},"9":{"name":"(anonymous_16)","decl":{"start":{"line":97,"column":20},"end":{"line":97,"column":21}},"loc":{"start":{"line":97,"column":25},"end":{"line":97,"column":52}}},"10":{"name":"(anonymous_17)","decl":{"start":{"line":98,"column":18},"end":{"line":98,"column":21}},"loc":{"start":{"line":98,"column":24},"end":{"line":98,"column":56}}},"11":{"name":"(anonymous_18)","decl":{"start":{"line":110,"column":20},"end":{"line":110,"column":21}},"loc":{"start":{"line":110,"column":25},"end":{"line":110,"column":56}}}},"branchMap":{"0":{"loc":{"start":{"line":23,"column":47},"end":{"line":23,"column":80}},"type":"cond-expr","locations":[{"start":{"line":23,"column":67},"end":{"line":23,"column":72}},{"start":{"line":23,"column":75},"end":{"line":23,"column":80}}]},"1":{"loc":{"start":{"line":23,"column":82},"end":{"line":23,"column":121}},"type":"cond-expr","locations":[{"start":{"line":23,"column":105},"end":{"line":23,"column":110}},{"start":{"line":23,"column":113},"end":{"line":23,"column":121}}]},"2":{"loc":{"start":{"line":26,"column":15},"end":{"line":26,"column":44}},"type":"binary-expr","locations":[{"start":{"line":26,"column":15},"end":{"line":26,"column":38}},{"start":{"line":26,"column":42},"end":{"line":26,"column":44}}]},"3":{"loc":{"start":{"line":35,"column":4},"end":{"line":38,"column":5}},"type":"if","locations":[{"start":{"line":35,"column":4},"end":{"line":38,"column":5}}]},"4":{"loc":{"start":{"line":43,"column":6},"end":{"line":50,"column":7}},"type":"if","locations":[{"start":{"line":43,"column":6},"end":{"line":50,"column":7}},{"start":{"line":47,"column":13},"end":{"line":50,"column":7}}]},"5":{"loc":{"start":{"line":57,"column":4},"end":{"line":59,"column":5}},"type":"if","locations":[{"start":{"line":57,"column":4},"end":{"line":59,"column":5}}]},"6":{"loc":{"start":{"line":57,"column":8},"end":{"line":57,"column":76}},"type":"binary-expr","locations":[{"start":{"line":57,"column":8},"end":{"line":57,"column":25}},{"start":{"line":57,"column":29},"end":{"line":57,"column":39}},{"start":{"line":57,"column":43},"end":{"line":57,"column":56}},{"start":{"line":57,"column":60},"end":{"line":57,"column":76}}]},"7":{"loc":{"start":{"line":62,"column":22},"end":{"line":62,"column":104}},"type":"binary-expr","locations":[{"start":{"line":62,"column":22},"end":{"line":62,"column":41}},{"start":{"line":62,"column":45},"end":{"line":62,"column":67}},{"start":{"line":62,"column":71},"end":{"line":62,"column":84}},{"start":{"line":62,"column":88},"end":{"line":62,"column":104}}]},"8":{"loc":{"start":{"line":66,"column":7},"end":{"line":69,"column":null}},"type":"binary-expr","locations":[{"start":{"line":66,"column":7},"end":{"line":66,"column":18}},{"start":{"line":67,"column":8},"end":{"line":68,"column":null}}]},"9":{"loc":{"start":{"line":85,"column":9},"end":{"line":85,"column":84}},"type":"binary-expr","locations":[{"start":{"line":85,"column":9},"end":{"line":85,"column":21}},{"start":{"line":85,"column":25},"end":{"line":85,"column":84}}]},"10":{"loc":{"start":{"line":102,"column":9},"end":{"line":102,"column":90}},"type":"binary-expr","locations":[{"start":{"line":102,"column":9},"end":{"line":102,"column":24}},{"start":{"line":102,"column":28},"end":{"line":102,"column":90}}]},"11":{"loc":{"start":{"line":120,"column":18},"end":{"line":120,"column":43}},"type":"binary-expr","locations":[{"start":{"line":120,"column":18},"end":{"line":120,"column":30}},{"start":{"line":120,"column":34},"end":{"line":120,"column":43}}]},"12":{"loc":{"start":{"line":123,"column":9},"end":{"line":123,"column":39}},"type":"cond-expr","locations":[{"start":{"line":123,"column":21},"end":{"line":123,"column":31}},{"start":{"line":123,"column":34},"end":{"line":123,"column":39}}]}},"s":{"0":3,"1":3,"2":3,"3":3,"4":3,"5":3,"6":345,"7":345,"8":345,"9":345,"10":345,"11":345,"12":345,"13":345,"14":345,"15":20,"16":20,"17":20,"18":345,"19":2,"20":2,"21":2,"22":2,"23":2,"24":2,"25":2,"26":0,"27":0,"28":0,"29":0,"30":0,"31":0,"32":0,"33":0,"34":0,"35":345,"36":130,"37":2,"38":345,"39":345,"40":163,"41":13,"42":128,"43":7,"44":2,"45":3},"f":{"0":345,"1":20,"2":20,"3":2,"4":2,"5":0,"6":130,"7":163,"8":13,"9":128,"10":7,"11":2},"b":{"0":[13,7],"1":[7,13],"2":[20,7],"3":[2],"4":[0,0],"5":[2],"6":[130,3,3,2],"7":[345,240,69,37],"8":[345,0],"9":[345,78],"10":[345,41],"11":[345,35],"12":[0,345]}}
,"/Users/dwayne/personal/daebakcore/src/components/Auth/ProtectedRoute.tsx": {"path":"/Users/dwayne/personal/daebakcore/src/components/Auth/ProtectedRoute.tsx","statementMap":{"0":{"start":{"line":7,"column":0},"end":{"line":7,"column":43}},"1":{"start":{"line":8,"column":0},"end":{"line":8,"column":51}},"2":{"start":{"line":14,"column":61},"end":{"line":22,"column":1}},"3":{"start":{"line":15,"column":30},"end":{"line":15,"column":39}},"4":{"start":{"line":17,"column":2},"end":{"line":19,"column":3}},"5":{"start":{"line":18,"column":4},"end":{"line":18,"column":null}},"6":{"start":{"line":21,"column":2},"end":{"line":21,"column":null}},"7":{"start":{"line":14,"column":13},"end":{"line":14,"column":61}}},"fnMap":{"0":{"name":"(anonymous_0)","decl":{"start":{"line":14,"column":61},"end":{"line":14,"column":62}},"loc":{"start":{"line":14,"column":78},"end":{"line":22,"column":1}}}},"branchMap":{"0":{"loc":{"start":{"line":17,"column":2},"end":{"line":19,"column":3}},"type":"if","locations":[{"start":{"line":17,"column":2},"end":{"line":19,"column":3}}]}},"s":{"0":3,"1":3,"2":3,"3":28,"4":28,"5":16,"6":12,"7":3},"f":{"0":28},"b":{"0":[16]}}
,"/Users/dwayne/personal/daebakcore/src/components/Layout/Header.tsx": {"path":"/Users/dwayne/personal/daebakcore/src/components/Layout/Header.tsx","statementMap":{"0":{"start":{"line":6,"column":0},"end":{"line":6,"column":46}},"1":{"start":{"line":7,"column":0},"end":{"line":7,"column":51}},"2":{"start":{"line":9,"column":32},"end":{"line":36,"column":1}},"3":{"start":{"line":10,"column":19},"end":{"line":10,"column":32}},"4":{"start":{"line":11,"column":27},"end":{"line":11,"column":36}},"5":{"start":{"line":13,"column":23},"end":{"line":16,"column":3}},"6":{"start":{"line":14,"column":4},"end":{"line":14,"column":null}},"7":{"start":{"line":15,"column":4},"end":{"line":15,"column":null}},"8":{"start":{"line":18,"column":2},"end":{"line":35,"column":null}},"9":{"start":{"line":9,"column":13},"end":{"line":9,"column":32}}},"fnMap":{"0":{"name":"(anonymous_0)","decl":{"start":{"line":9,"column":32},"end":{"line":9,"column":35}},"loc":{"start":{"line":9,"column":37},"end":{"line":36,"column":1}}},"1":{"name":"(anonymous_1)","decl":{"start":{"line":13,"column":23},"end":{"line":13,"column":26}},"loc":{"start":{"line":13,"column":28},"end":{"line":16,"column":3}}}},"branchMap":{"0":{"loc":{"start":{"line":25,"column":42},"end":{"line":25,"column":52}},"type":"cond-expr","locations":[{"start":{"line":25,"column":46},"end":{"line":25,"column":48}},{"start":{"line":25,"column":42},"end":{"line":25,"column":52}}]},"1":{"loc":{"start":{"line":25,"column":42},"end":{"line":25,"column":48}},"type":"binary-expr","locations":[{"start":{"line":25,"column":42},"end":{"line":25,"column":48}},{"start":{"line":25,"column":42},"end":{"line":25,"column":48}}]}},"s":{"0":3,"1":3,"2":3,"3":60,"4":60,"5":60,"6":2,"7":2,"8":60,"9":3},"f":{"0":60,"1":2},"b":{"0":[21,39],"1":[60,39]}}
,"/Users/dwayne/personal/daebakcore/src/components/Layout/MainLayout.tsx": {"path":"/Users/dwayne/personal/daebakcore/src/components/Layout/MainLayout.tsx","statementMap":{"0":{"start":{"line":2,"column":0},"end":{"line":2,"column":33}},"1":{"start":{"line":3,"column":0},"end":{"line":3,"column":35}},"2":{"start":{"line":9,"column":53},"end":{"line":21,"column":1}},"3":{"start":{"line":10,"column":2},"end":{"line":20,"column":null}},"4":{"start":{"line":9,"column":13},"end":{"line":9,"column":53}}},"fnMap":{"0":{"name":"(anonymous_0)","decl":{"start":{"line":9,"column":53},"end":{"line":9,"column":54}},"loc":{"start":{"line":9,"column":70},"end":{"line":21,"column":1}}}},"branchMap":{},"s":{"0":3,"1":3,"2":3,"3":18,"4":3},"f":{"0":18},"b":{}}
,"/Users/dwayne/personal/daebakcore/src/components/Layout/Sidebar.tsx": {"path":"/Users/dwayne/personal/daebakcore/src/components/Layout/Sidebar.tsx","statementMap":{"0":{"start":{"line":1,"column":0},"end":{"line":1,"column":39}},"1":{"start":{"line":2,"column":0},"end":{"line":2,"column":52}},"2":{"start":{"line":4,"column":33},"end":{"line":37,"column":1}},"3":{"start":{"line":5,"column":19},"end":{"line":5,"column":32}},"4":{"start":{"line":6,"column":30},"end":{"line":6,"column":44}},"5":{"start":{"line":8,"column":19},"end":{"line":8,"column":63}},"6":{"start":{"line":8,"column":37},"end":{"line":8,"column":63}},"7":{"start":{"line":10,"column":2},"end":{"line":36,"column":null}},"8":{"start":{"line":13,"column":23},"end":{"line":13,"column":41}},"9":{"start":{"line":4,"column":13},"end":{"line":4,"column":33}}},"fnMap":{"0":{"name":"(anonymous_0)","decl":{"start":{"line":4,"column":33},"end":{"line":4,"column":36}},"loc":{"start":{"line":4,"column":38},"end":{"line":37,"column":1}}},"1":{"name":"(anonymous_1)","decl":{"start":{"line":8,"column":19},"end":{"line":8,"column":20}},"loc":{"start":{"line":8,"column":37},"end":{"line":8,"column":63}}},"2":{"name":"(anonymous_2)","decl":{"start":{"line":13,"column":17},"end":{"line":13,"column":20}},"loc":{"start":{"line":13,"column":23},"end":{"line":13,"column":41}}}},"branchMap":{"0":{"loc":{"start":{"line":20,"column":19},"end":{"line":20,"column":65}},"type":"cond-expr","locations":[{"start":{"line":20,"column":28},"end":{"line":20,"column":43}},{"start":{"line":20,"column":46},"end":{"line":20,"column":65}}]},"1":{"loc":{"start":{"line":27,"column":23},"end":{"line":29,"column":73}},"type":"cond-expr","locations":[{"start":{"line":28,"column":16},"end":{"line":28,"column":64}},{"start":{"line":29,"column":16},"end":{"line":29,"column":73}}]}},"s":{"0":3,"1":3,"2":3,"3":42,"4":42,"5":42,"6":42,"7":42,"8":4,"9":3},"f":{"0":42,"1":42,"2":4},"b":{"0":[39,3],"1":[11,31]}}
,"/Users/dwayne/personal/daebakcore/src/context/AuthContext.tsx": {"path":"/Users/dwayne/personal/daebakcore/src/context/AuthContext.tsx","statementMap":{"0":{"start":{"line":1,"column":0},"end":{"line":1,"column":77}},"1":{"start":{"line":3,"column":0},"end":{"line":3,"column":115}},"2":{"start":{"line":5,"column":20},"end":{"line":5,"column":73}},"3":{"start":{"line":7,"column":69},"end":{"line":61,"column":1}},"4":{"start":{"line":8,"column":48},"end":{"line":8,"column":63}},"5":{"start":{"line":9,"column":26},"end":{"line":9,"column":53}},"6":{"start":{"line":11,"column":2},"end":{"line":28,"column":null}},"7":{"start":{"line":12,"column":24},"end":{"line":12,"column":62}},"8":{"start":{"line":13,"column":4},"end":{"line":27,"column":5}},"9":{"start":{"line":14,"column":6},"end":{"line":26,"column":7}},"10":{"start":{"line":15,"column":33},"end":{"line":15,"column":56}},"11":{"start":{"line":16,"column":8},"end":{"line":22,"column":9}},"12":{"start":{"line":17,"column":10},"end":{"line":17,"column":null}},"13":{"start":{"line":18,"column":10},"end":{"line":21,"column":null}},"14":{"start":{"line":24,"column":8},"end":{"line":24,"column":null}},"15":{"start":{"line":25,"column":8},"end":{"line":25,"column":null}},"16":{"start":{"line":30,"column":16},"end":{"line":48,"column":null}},"17":{"start":{"line":30,"column":97},"end":{"line":48,"column":null}},"18":{"start":{"line":31,"column":4},"end":{"line":46,"column":5}},"19":{"start":{"line":32,"column":31},"end":{"line":38,"column":null}},"20":{"start":{"line":39,"column":6},"end":{"line":39,"column":null}},"21":{"start":{"line":40,"column":6},"end":{"line":40,"column":null}},"22":{"start":{"line":41,"column":6},"end":{"line":44,"column":null}},"23":{"start":{"line":45,"column":6},"end":{"line":45,"column":null}},"24":{"start":{"line":47,"column":4},"end":{"line":47,"column":null}},"25":{"start":{"line":50,"column":17},"end":{"line":54,"column":3}},"26":{"start":{"line":51,"column":4},"end":{"line":51,"column":null}},"27":{"start":{"line":52,"column":4},"end":{"line":52,"column":null}},"28":{"start":{"line":53,"column":4},"end":{"line":53,"column":null}},"29":{"start":{"line":56,"column":2},"end":{"line":60,"column":null}},"30":{"start":{"line":7,"column":13},"end":{"line":7,"column":69}},"31":{"start":{"line":63,"column":23},"end":{"line":69,"column":1}},"32":{"start":{"line":64,"column":18},"end":{"line":64,"column":41}},"33":{"start":{"line":65,"column":2},"end":{"line":67,"column":3}},"34":{"start":{"line":66,"column":4},"end":{"line":66,"column":null}},"35":{"start":{"line":68,"column":2},"end":{"line":68,"column":null}},"36":{"start":{"line":63,"column":13},"end":{"line":63,"column":23}}},"fnMap":{"0":{"name":"(anonymous_7)","decl":{"start":{"line":7,"column":69},"end":{"line":7,"column":70}},"loc":{"start":{"line":7,"column":86},"end":{"line":61,"column":1}}},"1":{"name":"(anonymous_8)","decl":{"start":{"line":11,"column":12},"end":{"line":11,"column":15}},"loc":{"start":{"line":11,"column":17},"end":{"line":28,"column":3}}},"2":{"name":"(anonymous_9)","decl":{"start":{"line":30,"column":16},"end":{"line":30,"column":23}},"loc":{"start":{"line":30,"column":97},"end":{"line":48,"column":null}}},"3":{"name":"(anonymous_10)","decl":{"start":{"line":30,"column":97},"end":{"line":30,"column":null}},"loc":{"start":{"line":30,"column":97},"end":{"line":48,"column":3}}},"4":{"name":"(anonymous_11)","decl":{"start":{"line":50,"column":17},"end":{"line":50,"column":20}},"loc":{"start":{"line":50,"column":22},"end":{"line":54,"column":3}}},"5":{"name":"(anonymous_12)","decl":{"start":{"line":63,"column":23},"end":{"line":63,"column":43}},"loc":{"start":{"line":63,"column":45},"end":{"line":69,"column":1}}}},"branchMap":{"0":{"loc":{"start":{"line":13,"column":4},"end":{"line":27,"column":5}},"type":"if","locations":[{"start":{"line":13,"column":4},"end":{"line":27,"column":5}}]},"1":{"loc":{"start":{"line":16,"column":8},"end":{"line":22,"column":9}},"type":"if","locations":[{"start":{"line":16,"column":8},"end":{"line":22,"column":9}}]},"2":{"loc":{"start":{"line":31,"column":4},"end":{"line":46,"column":5}},"type":"if","locations":[{"start":{"line":31,"column":4},"end":{"line":46,"column":5}}]},"3":{"loc":{"start":{"line":31,"column":8},"end":{"line":31,"column":73}},"type":"binary-expr","locations":[{"start":{"line":31,"column":8},"end":{"line":31,"column":34}},{"start":{"line":31,"column":38},"end":{"line":31,"column":73}}]},"4":{"loc":{"start":{"line":65,"column":2},"end":{"line":67,"column":3}},"type":"if","locations":[{"start":{"line":65,"column":2},"end":{"line":67,"column":3}}]}},"s":{"0":7,"1":7,"2":7,"3":7,"4":118,"5":118,"6":118,"7":75,"8":75,"9":40,"10":40,"11":40,"12":40,"13":40,"14":0,"15":0,"16":118,"17":0,"18":0,"19":0,"20":0,"21":0,"22":0,"23":0,"24":0,"25":118,"26":3,"27":3,"28":3,"29":118,"30":7,"31":7,"32":462,"33":461,"34":6,"35":455,"36":7},"f":{"0":118,"1":75,"2":0,"3":0,"4":3,"5":462},"b":{"0":[40],"1":[40],"2":[0],"3":[0,0],"4":[6]}}
,"/Users/dwayne/personal/daebakcore/src/pages/DashboardPage.tsx": {"path":"/Users/dwayne/personal/daebakcore/src/pages/DashboardPage.tsx","statementMap":{"0":{"start":{"line":2,"column":0},"end":{"line":2,"column":48}},"1":{"start":{"line":4,"column":39},"end":{"line":21,"column":1}},"2":{"start":{"line":5,"column":19},"end":{"line":5,"column":28}},"3":{"start":{"line":7,"column":2},"end":{"line":20,"column":null}},"4":{"start":{"line":4,"column":13},"end":{"line":4,"column":39}}},"fnMap":{"0":{"name":"(anonymous_0)","decl":{"start":{"line":4,"column":39},"end":{"line":4,"column":42}},"loc":{"start":{"line":4,"column":44},"end":{"line":21,"column":1}}}},"branchMap":{"0":{"loc":{"start":{"line":9,"column":68},"end":{"line":9,"column":78}},"type":"cond-expr","locations":[{"start":{"line":9,"column":72},"end":{"line":9,"column":74}},{"start":{"line":9,"column":68},"end":{"line":9,"column":78}}]},"1":{"loc":{"start":{"line":9,"column":68},"end":{"line":9,"column":74}},"type":"binary-expr","locations":[{"start":{"line":9,"column":68},"end":{"line":9,"column":74}},{"start":{"line":9,"column":68},"end":{"line":9,"column":74}}]},"2":{"loc":{"start":{"line":15,"column":53},"end":{"line":15,"column":63}},"type":"cond-expr","locations":[{"start":{"line":15,"column":57},"end":{"line":15,"column":59}},{"start":{"line":15,"column":53},"end":{"line":15,"column":63}}]},"3":{"loc":{"start":{"line":15,"column":53},"end":{"line":15,"column":59}},"type":"binary-expr","locations":[{"start":{"line":15,"column":53},"end":{"line":15,"column":59}},{"start":{"line":15,"column":53},"end":{"line":15,"column":59}}]},"4":{"loc":{"start":{"line":16,"column":52},"end":{"line":16,"column":60}},"type":"cond-expr","locations":[{"start":{"line":16,"column":56},"end":{"line":16,"column":58}},{"start":{"line":16,"column":52},"end":{"line":16,"column":60}}]},"5":{"loc":{"start":{"line":16,"column":52},"end":{"line":16,"column":58}},"type":"binary-expr","locations":[{"start":{"line":16,"column":52},"end":{"line":16,"column":58}},{"start":{"line":16,"column":52},"end":{"line":16,"column":58}}]}},"s":{"0":2,"1":2,"2":11,"3":11,"4":2},"f":{"0":11},"b":{"0":[0,11],"1":[11,11],"2":[0,11],"3":[11,11],"4":[0,11],"5":[11,11]}}
,"/Users/dwayne/personal/daebakcore/src/pages/LoginPage.tsx": {"path":"/Users/dwayne/personal/daebakcore/src/pages/LoginPage.tsx","statementMap":{"0":{"start":{"line":5,"column":0},"end":{"line":5,"column":40}},"1":{"start":{"line":6,"column":0},"end":{"line":6,"column":46}},"2":{"start":{"line":7,"column":0},"end":{"line":7,"column":56}},"3":{"start":{"line":8,"column":0},"end":{"line":8,"column":48}},"4":{"start":{"line":10,"column":35},"end":{"line":32,"column":1}},"5":{"start":{"line":11,"column":19},"end":{"line":11,"column":32}},"6":{"start":{"line":12,"column":30},"end":{"line":12,"column":39}},"7":{"start":{"line":15,"column":2},"end":{"line":19,"column":null}},"8":{"start":{"line":16,"column":4},"end":{"line":18,"column":5}},"9":{"start":{"line":17,"column":6},"end":{"line":17,"column":null}},"10":{"start":{"line":21,"column":2},"end":{"line":31,"column":null}},"11":{"start":{"line":10,"column":13},"end":{"line":10,"column":35}}},"fnMap":{"0":{"name":"(anonymous_0)","decl":{"start":{"line":10,"column":35},"end":{"line":10,"column":38}},"loc":{"start":{"line":10,"column":40},"end":{"line":32,"column":1}}},"1":{"name":"(anonymous_1)","decl":{"start":{"line":15,"column":12},"end":{"line":15,"column":15}},"loc":{"start":{"line":15,"column":17},"end":{"line":19,"column":3}}}},"branchMap":{"0":{"loc":{"start":{"line":16,"column":4},"end":{"line":18,"column":5}},"type":"if","locations":[{"start":{"line":16,"column":4},"end":{"line":18,"column":5}}]}},"s":{"0":2,"1":2,"2":2,"3":2,"4":2,"5":5,"6":5,"7":5,"8":5,"9":0,"10":5,"11":2},"f":{"0":5,"1":5},"b":{"0":[0]}}
,"/Users/dwayne/personal/daebakcore/src/pages/NotFoundPage.tsx": {"path":"/Users/dwayne/personal/daebakcore/src/pages/NotFoundPage.tsx","statementMap":{"0":{"start":{"line":2,"column":0},"end":{"line":2,"column":39}},"1":{"start":{"line":4,"column":38},"end":{"line":19,"column":1}},"2":{"start":{"line":5,"column":2},"end":{"line":18,"column":null}},"3":{"start":{"line":4,"column":13},"end":{"line":4,"column":38}}},"fnMap":{"0":{"name":"(anonymous_0)","decl":{"start":{"line":4,"column":38},"end":{"line":4,"column":41}},"loc":{"start":{"line":4,"column":43},"end":{"line":19,"column":1}}}},"branchMap":{},"s":{"0":2,"1":2,"2":14,"3":2},"f":{"0":14},"b":{}}
,"/Users/dwayne/personal/daebakcore/src/utils/constants.ts": {"path":"/Users/dwayne/personal/daebakcore/src/utils/constants.ts","statementMap":{"0":{"start":{"line":6,"column":13},"end":{"line":6,"column":null}},"1":{"start":{"line":7,"column":13},"end":{"line":7,"column":null}},"2":{"start":{"line":8,"column":13},"end":{"line":8,"column":null}},"3":{"start":{"line":9,"column":13},"end":{"line":9,"column":null}},"4":{"start":{"line":12,"column":13},"end":{"line":12,"column":null}},"5":{"start":{"line":15,"column":13},"end":{"line":15,"column":null}},"6":{"start":{"line":16,"column":13},"end":{"line":16,"column":null}}},"fnMap":{},"branchMap":{},"s":{"0":8,"1":8,"2":8,"3":8,"4":8,"5":8,"6":8},"f":{},"b":{}}
,"/Users/dwayne/personal/daebakcore/src/utils/validation.ts": {"path":"/Users/dwayne/personal/daebakcore/src/utils/validation.ts","statementMap":{"0":{"start":{"line":5,"column":0},"end":{"line":5,"column":104}},"1":{"start":{"line":15,"column":29},"end":{"line":23,"column":1}},"2":{"start":{"line":16,"column":2},"end":{"line":18,"column":3}},"3":{"start":{"line":17,"column":4},"end":{"line":17,"column":null}},"4":{"start":{"line":19,"column":2},"end":{"line":21,"column":3}},"5":{"start":{"line":20,"column":4},"end":{"line":20,"column":null}},"6":{"start":{"line":22,"column":2},"end":{"line":22,"column":null}},"7":{"start":{"line":15,"column":13},"end":{"line":15,"column":29}},"8":{"start":{"line":28,"column":32},"end":{"line":36,"column":1}},"9":{"start":{"line":29,"column":2},"end":{"line":31,"column":3}},"10":{"start":{"line":30,"column":4},"end":{"line":30,"column":null}},"11":{"start":{"line":32,"column":2},"end":{"line":34,"column":3}},"12":{"start":{"line":33,"column":4},"end":{"line":33,"column":null}},"13":{"start":{"line":35,"column":2},"end":{"line":35,"column":null}},"14":{"start":{"line":28,"column":13},"end":{"line":28,"column":32}},"15":{"start":{"line":41,"column":33},"end":{"line":58,"column":1}},"16":{"start":{"line":45,"column":41},"end":{"line":45,"column":43}},"17":{"start":{"line":47,"column":21},"end":{"line":47,"column":41}},"18":{"start":{"line":48,"column":2},"end":{"line":50,"column":3}},"19":{"start":{"line":49,"column":4},"end":{"line":49,"column":null}},"20":{"start":{"line":52,"column":24},"end":{"line":52,"column":50}},"21":{"start":{"line":53,"column":2},"end":{"line":55,"column":3}},"22":{"start":{"line":54,"column":4},"end":{"line":54,"column":null}},"23":{"start":{"line":57,"column":2},"end":{"line":57,"column":null}},"24":{"start":{"line":41,"column":13},"end":{"line":41,"column":33}},"25":{"start":{"line":63,"column":35},"end":{"line":67,"column":1}},"26":{"start":{"line":66,"column":2},"end":{"line":66,"column":null}},"27":{"start":{"line":63,"column":13},"end":{"line":63,"column":35}}},"fnMap":{"0":{"name":"(anonymous_0)","decl":{"start":{"line":15,"column":29},"end":{"line":15,"column":30}},"loc":{"start":{"line":15,"column":62},"end":{"line":23,"column":1}}},"1":{"name":"(anonymous_1)","decl":{"start":{"line":28,"column":32},"end":{"line":28,"column":33}},"loc":{"start":{"line":28,"column":68},"end":{"line":36,"column":1}}},"2":{"name":"(anonymous_2)","decl":{"start":{"line":41,"column":33},"end":{"line":41,"column":null}},"loc":{"start":{"line":44,"column":28},"end":{"line":58,"column":1}}},"3":{"name":"(anonymous_3)","decl":{"start":{"line":63,"column":35},"end":{"line":63,"column":36}},"loc":{"start":{"line":63,"column":80},"end":{"line":67,"column":1}}}},"branchMap":{"0":{"loc":{"start":{"line":16,"column":2},"end":{"line":18,"column":3}},"type":"if","locations":[{"start":{"line":16,"column":2},"end":{"line":18,"column":3}}]},"1":{"loc":{"start":{"line":19,"column":2},"end":{"line":21,"column":3}},"type":"if","locations":[{"start":{"line":19,"column":2},"end":{"line":21,"column":3}}]},"2":{"loc":{"start":{"line":29,"column":2},"end":{"line":31,"column":3}},"type":"if","locations":[{"start":{"line":29,"column":2},"end":{"line":31,"column":3}}]},"3":{"loc":{"start":{"line":32,"column":2},"end":{"line":34,"column":3}},"type":"if","locations":[{"start":{"line":32,"column":2},"end":{"line":34,"column":3}}]},"4":{"loc":{"start":{"line":48,"column":2},"end":{"line":50,"column":3}},"type":"if","locations":[{"start":{"line":48,"column":2},"end":{"line":50,"column":3}}]},"5":{"loc":{"start":{"line":53,"column":2},"end":{"line":55,"column":3}},"type":"if","locations":[{"start":{"line":53,"column":2},"end":{"line":55,"column":3}}]},"6":{"loc":{"start":{"line":66,"column":9},"end":{"line":66,"column":74}},"type":"binary-expr","locations":[{"start":{"line":66,"column":9},"end":{"line":66,"column":35}},{"start":{"line":66,"column":39},"end":{"line":66,"column":74}}]}},"s":{"0":4,"1":4,"2":32,"3":9,"4":23,"5":12,"6":11,"7":4,"8":4,"9":31,"10":16,"11":15,"12":9,"13":6,"14":4,"15":4,"16":26,"17":26,"18":26,"19":17,"20":26,"21":26,"22":22,"23":26,"24":4,"25":4,"26":4,"27":4},"f":{"0":32,"1":31,"2":26,"3":4},"b":{"0":[9],"1":[12],"2":[16],"3":[9],"4":[17],"5":[22],"6":[4,2]}}
}
