TN:
SF:src/App.tsx
FN:10,(anonymous_0)
FN:15,(anonymous_1)
FNF:2
FNH:2
FNDA:7,(anonymous_0)
FNDA:7,(anonymous_1)
DA:2,1
DA:3,1
DA:4,1
DA:5,1
DA:6,1
DA:7,1
DA:8,1
DA:10,1
DA:11,7
DA:12,0
DA:15,1
DA:16,7
DA:37,1
LF:13
LH:12
BRDA:12,0,0,0
BRDA:12,0,1,0
BRF:2
BRH:0
end_of_record
TN:
SF:src/components/Auth/LoginForm.tsx
FN:11,(anonymous_7)
FN:22,(anonymous_8)
FN:24,(anonymous_9)
FN:30,(anonymous_10)
FN:30,(anonymous_11)
FN:44,(anonymous_12)
FN:56,(anonymous_13)
FN:81,(anonymous_14)
FN:82,(anonymous_15)
FN:97,(anonymous_16)
FN:98,(anonymous_17)
FN:110,(anonymous_18)
FNF:12
FNH:11
FNDA:345,(anonymous_7)
FNDA:20,(anonymous_8)
FNDA:20,(anonymous_9)
FNDA:2,(anonymous_10)
FNDA:2,(anonymous_11)
FNDA:0,(anonymous_12)
FNDA:130,(anonymous_13)
FNDA:163,(anonymous_14)
FNDA:13,(anonymous_15)
FNDA:128,(anonymous_16)
FNDA:7,(anonymous_17)
FNDA:2,(anonymous_18)
DA:5,3
DA:6,3
DA:7,3
DA:8,3
DA:9,3
DA:11,3
DA:12,345
DA:13,345
DA:15,345
DA:16,345
DA:17,345
DA:18,345
DA:19,345
DA:20,345
DA:22,345
DA:23,20
DA:24,20
DA:30,345
DA:31,2
DA:32,2
DA:34,2
DA:35,2
DA:36,2
DA:37,2
DA:40,0
DA:41,0
DA:42,0
DA:43,0
DA:44,0
DA:45,0
DA:48,0
DA:49,0
DA:52,0
DA:56,345
DA:57,130
DA:58,2
DA:62,345
DA:64,345
DA:81,163
DA:82,13
DA:97,128
DA:98,7
DA:110,2
LF:43
LH:34
BRDA:23,0,0,13
BRDA:23,0,1,7
BRDA:23,1,0,7
BRDA:23,1,1,13
BRDA:26,2,0,20
BRDA:26,2,1,7
BRDA:35,3,0,2
BRDA:43,4,0,0
BRDA:43,4,1,0
BRDA:57,5,0,2
BRDA:57,6,0,130
BRDA:57,6,1,3
BRDA:57,6,2,3
BRDA:57,6,3,2
BRDA:62,7,0,345
BRDA:62,7,1,240
BRDA:62,7,2,69
BRDA:62,7,3,37
BRDA:66,8,0,345
BRDA:66,8,1,0
BRDA:85,9,0,345
BRDA:85,9,1,78
BRDA:102,10,0,345
BRDA:102,10,1,41
BRDA:120,11,0,345
BRDA:120,11,1,35
BRDA:123,12,0,0
BRDA:123,12,1,345
BRF:28
BRH:24
end_of_record
TN:
SF:src/components/Auth/ProtectedRoute.tsx
FN:14,(anonymous_0)
FNF:1
FNH:1
FNDA:28,(anonymous_0)
DA:7,3
DA:8,3
DA:14,3
DA:15,28
DA:17,28
DA:18,16
DA:21,12
LF:7
LH:7
BRDA:17,0,0,16
BRF:1
BRH:1
end_of_record
TN:
SF:src/components/Layout/Header.tsx
FN:9,(anonymous_0)
FN:13,(anonymous_1)
FNF:2
FNH:2
FNDA:60,(anonymous_0)
FNDA:2,(anonymous_1)
DA:6,3
DA:7,3
DA:9,3
DA:10,60
DA:11,60
DA:13,60
DA:14,2
DA:15,2
DA:18,60
LF:9
LH:9
BRDA:25,0,0,21
BRDA:25,0,1,39
BRDA:25,1,0,60
BRDA:25,1,1,39
BRF:4
BRH:4
end_of_record
TN:
SF:src/components/Layout/MainLayout.tsx
FN:9,(anonymous_0)
FNF:1
FNH:1
FNDA:18,(anonymous_0)
DA:2,3
DA:3,3
DA:9,3
DA:10,18
LF:4
LH:4
BRF:0
BRH:0
end_of_record
TN:
SF:src/components/Layout/Sidebar.tsx
FN:4,(anonymous_0)
FN:8,(anonymous_1)
FN:13,(anonymous_2)
FNF:3
FNH:3
FNDA:42,(anonymous_0)
FNDA:42,(anonymous_1)
FNDA:4,(anonymous_2)
DA:1,3
DA:2,3
DA:4,3
DA:5,42
DA:6,42
DA:8,42
DA:10,42
DA:13,4
LF:8
LH:8
BRDA:20,0,0,39
BRDA:20,0,1,3
BRDA:27,1,0,11
BRDA:27,1,1,31
BRF:4
BRH:4
end_of_record
TN:
SF:src/context/AuthContext.tsx
FN:7,(anonymous_7)
FN:11,(anonymous_8)
FN:30,(anonymous_9)
FN:30,(anonymous_10)
FN:50,(anonymous_11)
FN:63,(anonymous_12)
FNF:6
FNH:4
FNDA:118,(anonymous_7)
FNDA:75,(anonymous_8)
FNDA:0,(anonymous_9)
FNDA:0,(anonymous_10)
FNDA:3,(anonymous_11)
FNDA:462,(anonymous_12)
DA:1,7
DA:3,7
DA:5,7
DA:7,7
DA:8,118
DA:9,118
DA:11,118
DA:12,75
DA:13,75
DA:14,40
DA:15,40
DA:16,40
DA:17,40
DA:18,40
DA:24,0
DA:25,0
DA:30,118
DA:31,0
DA:32,0
DA:39,0
DA:40,0
DA:41,0
DA:45,0
DA:47,0
DA:50,118
DA:51,3
DA:52,3
DA:53,3
DA:56,118
DA:63,7
DA:64,462
DA:65,461
DA:66,6
DA:68,455
LF:34
LH:25
BRDA:13,0,0,40
BRDA:16,1,0,40
BRDA:31,2,0,0
BRDA:31,3,0,0
BRDA:31,3,1,0
BRDA:65,4,0,6
BRF:6
BRH:3
end_of_record
TN:
SF:src/pages/DashboardPage.tsx
FN:4,(anonymous_0)
FNF:1
FNH:1
FNDA:11,(anonymous_0)
DA:2,2
DA:4,2
DA:5,11
DA:7,11
LF:4
LH:4
BRDA:9,0,0,0
BRDA:9,0,1,11
BRDA:9,1,0,11
BRDA:9,1,1,11
BRDA:15,2,0,0
BRDA:15,2,1,11
BRDA:15,3,0,11
BRDA:15,3,1,11
BRDA:16,4,0,0
BRDA:16,4,1,11
BRDA:16,5,0,11
BRDA:16,5,1,11
BRF:12
BRH:9
end_of_record
TN:
SF:src/pages/LoginPage.tsx
FN:10,(anonymous_0)
FN:15,(anonymous_1)
FNF:2
FNH:2
FNDA:5,(anonymous_0)
FNDA:5,(anonymous_1)
DA:5,2
DA:6,2
DA:7,2
DA:8,2
DA:10,2
DA:11,5
DA:12,5
DA:15,5
DA:16,5
DA:17,0
DA:21,5
LF:11
LH:10
BRDA:16,0,0,0
BRF:1
BRH:0
end_of_record
TN:
SF:src/pages/NotFoundPage.tsx
FN:4,(anonymous_0)
FNF:1
FNH:1
FNDA:14,(anonymous_0)
DA:2,2
DA:4,2
DA:5,14
LF:3
LH:3
BRF:0
BRH:0
end_of_record
TN:
SF:src/utils/constants.ts
FNF:0
FNH:0
DA:6,8
DA:7,8
DA:8,8
DA:9,8
DA:12,8
DA:15,8
DA:16,8
LF:7
LH:7
BRF:0
BRH:0
end_of_record
TN:
SF:src/utils/validation.ts
FN:15,(anonymous_0)
FN:28,(anonymous_1)
FN:41,(anonymous_2)
FN:63,(anonymous_3)
FNF:4
FNH:4
FNDA:32,(anonymous_0)
FNDA:31,(anonymous_1)
FNDA:26,(anonymous_2)
FNDA:4,(anonymous_3)
DA:5,4
DA:15,4
DA:16,32
DA:17,9
DA:19,23
DA:20,12
DA:22,11
DA:28,4
DA:29,31
DA:30,16
DA:32,15
DA:33,9
DA:35,6
DA:41,4
DA:45,26
DA:47,26
DA:48,26
DA:49,17
DA:52,26
DA:53,26
DA:54,22
DA:57,26
DA:63,4
DA:66,4
LF:24
LH:24
BRDA:16,0,0,9
BRDA:19,1,0,12
BRDA:29,2,0,16
BRDA:32,3,0,9
BRDA:48,4,0,17
BRDA:53,5,0,22
BRDA:66,6,0,4
BRDA:66,6,1,2
BRF:8
BRH:8
end_of_record
